<?xml version="1.0" encoding="UTF-8"?>
<!-- Generated by org.testng.reporters.JUnitReportReporter -->
<testsuite skipped="0" hostname="DESKTOP-5NIOMS0" name="com.test.TestNGBasics" tests="2" failures="0" timestamp="25 Aug 2020 03:09:27 GMT" time="2.594" errors="0">
  <testcase name="validateTitle" time="0.015" classname="com.test.TestNGBasics"/>
  <testcase name="clickOnabout" time="2.579" classname="com.test.TestNGBasics"/>
</testsuite> <!-- com.test.TestNGBasics -->
