<?xml version="1.0" encoding="UTF-8"?>
<!-- Generated by org.testng.reporters.JUnitReportReporter -->
<testsuite skipped="0" hostname="DESKTOP-5NIOMS0" name="com.test.TestNGBasics" tests="2" failures="0" timestamp="25 Aug 2020 03:38:41 GMT" time="2.614" errors="0">
  <testcase name="validateTitle" time="0.016" classname="com.test.TestNGBasics"/>
  <testcase name="clickOnabout" time="2.598" classname="com.test.TestNGBasics"/>
</testsuite> <!-- com.test.TestNGBasics -->
