<?xml version="1.0" encoding="UTF-8"?>
<!-- Generated by org.testng.reporters.JUnitReportReporter -->
<testsuite skipped="0" hostname="DESKTOP-5NIOMS0" name="com.test.TestNGBasics" tests="2" failures="0" timestamp="26 Aug 2020 20:55:52 GMT" time="2.009" errors="0">
  <testcase name="validateTitle" time="0.011" classname="com.test.TestNGBasics"/>
  <testcase name="clickOnabout" time="1.998" classname="com.test.TestNGBasics"/>
</testsuite> <!-- com.test.TestNGBasics -->
