<?xml version="1.0" encoding="UTF-8"?>
<!-- Generated by org.testng.reporters.JUnitReportReporter -->
<testsuite skipped="0" hostname="DESKTOP-5NIOMS0" name="com.test.TestNGBasics" tests="1" failures="0" timestamp="24 Aug 2020 22:18:02 GMT" time="2.193" errors="0">
  <testcase name="validateTitle" time="2.193" classname="com.test.TestNGBasics"/>
</testsuite> <!-- com.test.TestNGBasics -->
